<?xml version="1.0" encoding="UTF-8"?>
<testng-results ignored="0" total="1" passed="1" failed="0" skipped="0">
  <reporter-output>
  </reporter-output>
  <suite started-at="2024-07-15T17:49:47 IST" name="Default suite" finished-at="2024-07-15T17:50:55 IST" duration-ms="68156">
    <groups>
    </groups>
    <test started-at="2024-07-15T17:49:47 IST" name="Default test" finished-at="2024-07-15T17:50:55 IST" duration-ms="68156">
      <class name="seltestng.Loginclientportal">
        <test-method signature="portallogin()[pri:0, instance:seltestng.Loginclientportal@1bd4fdd]" started-at="2024-07-15T17:49:47 IST" name="portallogin" finished-at="2024-07-15T17:50:55 IST" duration-ms="68114" status="PASS">
          <reporter-output>
          </reporter-output>
        </test-method> <!-- portallogin -->
      </class> <!-- seltestng.Loginclientportal -->
    </test> <!-- Default test -->
  </suite> <!-- Default suite -->
</testng-results>
