<?xml version="1.0" encoding="UTF-8"?>
<testng-results ignored="0" total="1" passed="1" failed="0" skipped="0">
  <reporter-output>
  </reporter-output>
  <suite started-at="2024-07-03T16:15:10 IST" name="Default suite" finished-at="2024-07-03T16:15:44 IST" duration-ms="34597">
    <groups>
    </groups>
    <test started-at="2024-07-03T16:15:10 IST" name="Default test" finished-at="2024-07-03T16:15:44 IST" duration-ms="34597">
      <class name="seltestng.Settingsign">
        <test-method is-config="true" signature="LoginQtaw()[pri:0, instance:seltestng.Settingsign@3c19aaa5]" started-at="2024-07-03T16:15:10 IST" name="LoginQtaw" finished-at="2024-07-03T16:15:32 IST" duration-ms="21938" status="PASS">
          <reporter-output>
          </reporter-output>
        </test-method> <!-- LoginQtaw -->
        <test-method signature="Setmfa()[pri:0, instance:seltestng.Settingsign@3c19aaa5]" started-at="2024-07-03T16:15:32 IST" name="Setmfa" finished-at="2024-07-03T16:15:43 IST" duration-ms="11511" status="PASS">
          <reporter-output>
          </reporter-output>
        </test-method> <!-- Setmfa -->
        <test-method is-config="true" signature="Signset()[pri:0, instance:seltestng.Settingsign@3c19aaa5]" started-at="2024-07-03T16:15:43 IST" name="Signset" finished-at="2024-07-03T16:15:44 IST" duration-ms="1115" status="PASS">
          <reporter-output>
          </reporter-output>
        </test-method> <!-- Signset -->
      </class> <!-- seltestng.Settingsign -->
    </test> <!-- Default test -->
  </suite> <!-- Default suite -->
</testng-results>
